[0.010s] Invoking command in '/home/daniel/ros2_ws/src/build/my_package': CMAKE_PREFIX_PATH=/opt/ros/humble /usr/bin/cmake /home/daniel/ros2_ws/src/my_package -DCMAKE_INSTALL_PREFIX=/home/daniel/ros2_ws/src/install/my_package
[0.257s] -- The C compiler identification is GNU 11.3.0
[0.334s] -- The CXX compiler identification is GNU 11.3.0
[0.343s] -- Detecting C compiler ABI info
[0.398s] -- Detecting C compiler ABI info - done
[0.404s] -- Check for working C compiler: /usr/bin/cc - skipped
[0.405s] -- Detecting C compile features
[0.405s] -- Detecting C compile features - done
[0.408s] -- Detecting CXX compiler ABI info
[0.469s] -- Detecting CXX compiler ABI info - done
[0.475s] -- Check for working CXX compiler: /usr/bin/c++ - skipped
[0.476s] -- Detecting CXX compile features
[0.476s] -- Detecting CXX compile features - done
[0.483s] -- Found ament_cmake: 1.3.3 (/opt/ros/humble/share/ament_cmake/cmake)
[0.622s] -- Found Python3: /usr/bin/python3.10 (found version "3.10.6") found components: Interpreter 
[0.709s] -- Found ament_lint_auto: 0.12.5 (/opt/ros/humble/share/ament_lint_auto/cmake)
[0.777s] -- Added test 'cppcheck' to perform static code analysis on C / C++ code
[0.777s] -- Configured cppcheck include dirs: $<BUILD_INTERFACE:/home/daniel/ros2_ws/src/my_package/include>
[0.778s] -- Configured cppcheck exclude dirs and/or files: 
[0.778s] -- Added test 'lint_cmake' to check CMake code style
[0.779s] -- Added test 'uncrustify' to check C / C++ code style
[0.779s] -- Configured uncrustify additional arguments: 
[0.780s] -- Added test 'xmllint' to check XML markup files
[0.781s] -- Configuring done
[0.785s] -- Generating done
[0.786s] -- Build files have been written to: /home/daniel/ros2_ws/src/build/my_package
[0.790s] Invoked command in '/home/daniel/ros2_ws/src/build/my_package' returned '0': CMAKE_PREFIX_PATH=/opt/ros/humble /usr/bin/cmake /home/daniel/ros2_ws/src/my_package -DCMAKE_INSTALL_PREFIX=/home/daniel/ros2_ws/src/install/my_package
[0.791s] Invoking command in '/home/daniel/ros2_ws/src/build/my_package': CMAKE_PREFIX_PATH=/opt/ros/humble /usr/bin/cmake --build /home/daniel/ros2_ws/src/build/my_package -- -j12 -l12
[0.826s] [ 50%] [32mBuilding CXX object CMakeFiles/my_node.dir/src/my_node.cpp.o[0m
[0.857s] [100%] [32m[1mLinking CXX executable my_node[0m
[0.893s] [100%] Built target my_node
[0.901s] Invoked command in '/home/daniel/ros2_ws/src/build/my_package' returned '0': CMAKE_PREFIX_PATH=/opt/ros/humble /usr/bin/cmake --build /home/daniel/ros2_ws/src/build/my_package -- -j12 -l12
[0.927s] Invoking command in '/home/daniel/ros2_ws/src/build/my_package': CMAKE_PREFIX_PATH=/opt/ros/humble /usr/bin/cmake --install /home/daniel/ros2_ws/src/build/my_package
[0.932s] -- Install configuration: ""
[0.932s] -- Installing: /home/daniel/ros2_ws/src/install/my_package/lib/my_package/my_node
[0.932s] -- Installing: /home/daniel/ros2_ws/src/install/my_package/share/ament_index/resource_index/package_run_dependencies/my_package
[0.933s] -- Installing: /home/daniel/ros2_ws/src/install/my_package/share/ament_index/resource_index/parent_prefix_path/my_package
[0.933s] -- Installing: /home/daniel/ros2_ws/src/install/my_package/share/my_package/environment/ament_prefix_path.sh
[0.933s] -- Installing: /home/daniel/ros2_ws/src/install/my_package/share/my_package/environment/ament_prefix_path.dsv
[0.933s] -- Installing: /home/daniel/ros2_ws/src/install/my_package/share/my_package/environment/path.sh
[0.933s] -- Installing: /home/daniel/ros2_ws/src/install/my_package/share/my_package/environment/path.dsv
[0.933s] -- Installing: /home/daniel/ros2_ws/src/install/my_package/share/my_package/local_setup.bash
[0.933s] -- Installing: /home/daniel/ros2_ws/src/install/my_package/share/my_package/local_setup.sh
[0.933s] -- Installing: /home/daniel/ros2_ws/src/install/my_package/share/my_package/local_setup.zsh
[0.933s] -- Installing: /home/daniel/ros2_ws/src/install/my_package/share/my_package/local_setup.dsv
[0.934s] -- Installing: /home/daniel/ros2_ws/src/install/my_package/share/my_package/package.dsv
[0.934s] -- Installing: /home/daniel/ros2_ws/src/install/my_package/share/ament_index/resource_index/packages/my_package
[0.934s] -- Installing: /home/daniel/ros2_ws/src/install/my_package/share/my_package/cmake/my_packageConfig.cmake
[0.934s] -- Installing: /home/daniel/ros2_ws/src/install/my_package/share/my_package/cmake/my_packageConfig-version.cmake
[0.934s] -- Installing: /home/daniel/ros2_ws/src/install/my_package/share/my_package/package.xml
[0.936s] Invoked command in '/home/daniel/ros2_ws/src/build/my_package' returned '0': CMAKE_PREFIX_PATH=/opt/ros/humble /usr/bin/cmake --install /home/daniel/ros2_ws/src/build/my_package
